<?xml version="1.0" encoding="UTF-8"?>
<testsuite name="旅程服务-天气服务"
           tests="5"
           failures="0"
           errors="0"
           skipped="0"
           time="18.495">
  <properties />
  
  
            <testcase name="test1" time="2.706" classname="com.winsion.inception.test.lc.Tqfw" />
                <testcase name="test4" time="2.130" classname="com.winsion.inception.test.lc.Tqfw" />
                <testcase name="test5" time="5.544" classname="com.winsion.inception.test.lc.Tqfw" />
                <testcase name="test3" time="6.785" classname="com.winsion.inception.test.lc.Tqfw" />
                <testcase name="test2" time="1.330" classname="com.winsion.inception.test.lc.Tqfw" />
      
</testsuite>
