<?xml version="1.0" encoding="UTF-8"?>
<testsuite name="登录"
           tests="6"
           failures="0"
           errors="0"
           skipped="0"
           time="136.362">
  <properties />
  
  
            <testcase name="test6" time="9.327" classname="com.winsion.inception.test.login.Login" />
                <testcase name="test4" time="24.477" classname="com.winsion.inception.test.login.Login" />
                <testcase name="test3" time="25.707" classname="com.winsion.inception.test.login.Login" />
                <testcase name="test2" time="25.774" classname="com.winsion.inception.test.login.Login" />
                <testcase name="test5" time="23.077" classname="com.winsion.inception.test.login.Login" />
                <testcase name="test1" time="28.000" classname="com.winsion.inception.test.login.Login" />
      
</testsuite>
