<?xml version="1.0" encoding="UTF-8"?>
<testsuite name="日期 格式"
           tests="6"
           failures="0"
           errors="0"
           skipped="0"
           time="67.394">
  <properties />
  
  
            <testcase name="test5" time="11.889" classname="com.winsion.inception.test.other.Date" />
                <testcase name="test4" time="10.019" classname="com.winsion.inception.test.other.Date" />
                <testcase name="test1" time="9.792" classname="com.winsion.inception.test.other.Date" />
                <testcase name="test3" time="11.949" classname="com.winsion.inception.test.other.Date" />
                <testcase name="test2" time="12.601" classname="com.winsion.inception.test.other.Date" />
                <testcase name="test6" time="11.144" classname="com.winsion.inception.test.other.Date" />
      
</testsuite>
